{"C:\\Users\\Victoria Ayanna\\OneDrive\\Área de Trabalho\\Cenario de teste\\src\\cliente.ts": {"path":"C:\\Users\\Victoria Ayanna\\OneDrive\\Área de Trabalho\\Cenario de teste\\src\\cliente.ts","statementMap":{"0":{"start":{"line":5,"column":4},"end":{"line":5,"column":27}},"1":{"start":{"line":6,"column":4},"end":{"line":6,"column":28}},"2":{"start":{"line":10,"column":4},"end":{"line":12,"column":5}},"3":{"start":{"line":11,"column":6},"end":{"line":11,"column":65}},"4":{"start":{"line":14,"column":4},"end":{"line":16,"column":5}},"5":{"start":{"line":15,"column":6},"end":{"line":15,"column":81}},"6":{"start":{"line":20,"column":4},"end":{"line":20,"column":21}},"7":{"start":{"line":1,"column":0},"end":{"line":1,"column":13}}},"fnMap":{"0":{"name":"(anonymous_0)","decl":{"start":{"line":4,"column":2},"end":{"line":4,"column":14}},"loc":{"start":{"line":4,"column":26},"end":{"line":7,"column":3}}},"1":{"name":"(anonymous_1)","decl":{"start":{"line":9,"column":10},"end":{"line":9,"column":21}},"loc":{"start":{"line":9,"column":34},"end":{"line":17,"column":3}}},"2":{"name":"(anonymous_2)","decl":{"start":{"line":19,"column":9},"end":{"line":19,"column":16}},"loc":{"start":{"line":19,"column":16},"end":{"line":21,"column":3}}}},"branchMap":{"0":{"loc":{"start":{"line":10,"column":4},"end":{"line":12,"column":5}},"type":"if","locations":[{"start":{"line":10,"column":4},"end":{"line":12,"column":5}},{"start":{},"end":{}}]},"1":{"loc":{"start":{"line":10,"column":8},"end":{"line":10,"column":41}},"type":"binary-expr","locations":[{"start":{"line":10,"column":8},"end":{"line":10,"column":13}},{"start":{"line":10,"column":17},"end":{"line":10,"column":41}}]},"2":{"loc":{"start":{"line":14,"column":4},"end":{"line":16,"column":5}},"type":"if","locations":[{"start":{"line":14,"column":4},"end":{"line":16,"column":5}},{"start":{},"end":{}}]}},"s":{"0":13,"1":10,"2":13,"3":2,"4":11,"5":1,"6":1,"7":2},"f":{"0":13,"1":13,"2":1},"b":{"0":[2,11],"1":[13,12],"2":[1,10]}}
,"C:\\Users\\Victoria Ayanna\\OneDrive\\Área de Trabalho\\Cenario de teste\\src\\desconto.ts": {"path":"C:\\Users\\Victoria Ayanna\\OneDrive\\Área de Trabalho\\Cenario de teste\\src\\desconto.ts","statementMap":{"0":{"start":{"line":3,"column":4},"end":{"line":5,"column":5}},"1":{"start":{"line":4,"column":6},"end":{"line":4,"column":68}},"2":{"start":{"line":7,"column":4},"end":{"line":9,"column":5}},"3":{"start":{"line":8,"column":6},"end":{"line":8,"column":29}},"4":{"start":{"line":11,"column":4},"end":{"line":11,"column":13}},"5":{"start":{"line":1,"column":0},"end":{"line":1,"column":13}}},"fnMap":{"0":{"name":"(anonymous_0)","decl":{"start":{"line":2,"column":9},"end":{"line":2,"column":15}},"loc":{"start":{"line":2,"column":41},"end":{"line":12,"column":3}}}},"branchMap":{"0":{"loc":{"start":{"line":3,"column":4},"end":{"line":5,"column":5}},"type":"if","locations":[{"start":{"line":3,"column":4},"end":{"line":5,"column":5}},{"start":{},"end":{}}]},"1":{"loc":{"start":{"line":7,"column":4},"end":{"line":9,"column":5}},"type":"if","locations":[{"start":{"line":7,"column":4},"end":{"line":9,"column":5}},{"start":{},"end":{}}]}},"s":{"0":6,"1":1,"2":5,"3":3,"4":2,"5":2},"f":{"0":6},"b":{"0":[1,5],"1":[3,2]}}
,"C:\\Users\\Victoria Ayanna\\OneDrive\\Área de Trabalho\\Cenario de teste\\src\\pedido.ts": {"path":"C:\\Users\\Victoria Ayanna\\OneDrive\\Área de Trabalho\\Cenario de teste\\src\\pedido.ts","statementMap":{"0":{"start":{"line":2,"column":0},"end":{"line":2,"column":49}},"1":{"start":{"line":14,"column":32},"end":{"line":14,"column":34}},"2":{"start":{"line":15,"column":33},"end":{"line":15,"column":41}},"3":{"start":{"line":18,"column":4},"end":{"line":18,"column":27}},"4":{"start":{"line":22,"column":4},"end":{"line":24,"column":5}},"5":{"start":{"line":23,"column":6},"end":{"line":23,"column":73}},"6":{"start":{"line":25,"column":4},"end":{"line":27,"column":5}},"7":{"start":{"line":26,"column":6},"end":{"line":26,"column":72}},"8":{"start":{"line":29,"column":4},"end":{"line":29,"column":49}},"9":{"start":{"line":33,"column":4},"end":{"line":35,"column":5}},"10":{"start":{"line":34,"column":6},"end":{"line":34,"column":73}},"11":{"start":{"line":37,"column":4},"end":{"line":37,"column":87}},"12":{"start":{"line":37,"column":46},"end":{"line":37,"column":82}},"13":{"start":{"line":41,"column":21},"end":{"line":41,"column":44}},"14":{"start":{"line":42,"column":4},"end":{"line":42,"column":50}},"15":{"start":{"line":46,"column":21},"end":{"line":46,"column":44}},"16":{"start":{"line":47,"column":21},"end":{"line":47,"column":44}},"17":{"start":{"line":48,"column":4},"end":{"line":48,"column":31}},"18":{"start":{"line":52,"column":4},"end":{"line":52,"column":23}},"19":{"start":{"line":56,"column":4},"end":{"line":58,"column":5}},"20":{"start":{"line":57,"column":6},"end":{"line":57,"column":68}},"21":{"start":{"line":60,"column":4},"end":{"line":62,"column":5}},"22":{"start":{"line":61,"column":6},"end":{"line":61,"column":93}},"23":{"start":{"line":64,"column":4},"end":{"line":64,"column":29}},"24":{"start":{"line":12,"column":0},"end":{"line":12,"column":13}}},"fnMap":{"0":{"name":"(anonymous_0)","decl":{"start":{"line":17,"column":2},"end":{"line":17,"column":14}},"loc":{"start":{"line":17,"column":30},"end":{"line":19,"column":3}}},"1":{"name":"(anonymous_1)","decl":{"start":{"line":21,"column":9},"end":{"line":21,"column":25}},"loc":{"start":{"line":21,"column":77},"end":{"line":30,"column":3}}},"2":{"name":"(anonymous_2)","decl":{"start":{"line":32,"column":9},"end":{"line":32,"column":25}},"loc":{"start":{"line":32,"column":25},"end":{"line":38,"column":3}}},"3":{"name":"(anonymous_3)","decl":{"start":{"line":37,"column":29},"end":{"line":37,"column":30}},"loc":{"start":{"line":37,"column":46},"end":{"line":37,"column":82}}},"4":{"name":"(anonymous_4)","decl":{"start":{"line":40,"column":9},"end":{"line":40,"column":25}},"loc":{"start":{"line":40,"column":25},"end":{"line":43,"column":3}}},"5":{"name":"(anonymous_5)","decl":{"start":{"line":45,"column":9},"end":{"line":45,"column":27}},"loc":{"start":{"line":45,"column":27},"end":{"line":49,"column":3}}},"6":{"name":"(anonymous_6)","decl":{"start":{"line":51,"column":9},"end":{"line":51,"column":18}},"loc":{"start":{"line":51,"column":18},"end":{"line":53,"column":3}}},"7":{"name":"(anonymous_7)","decl":{"start":{"line":55,"column":9},"end":{"line":55,"column":22}},"loc":{"start":{"line":55,"column":47},"end":{"line":65,"column":3}}}},"branchMap":{"0":{"loc":{"start":{"line":21,"column":55},"end":{"line":21,"column":77}},"type":"default-arg","locations":[{"start":{"line":21,"column":76},"end":{"line":21,"column":77}}]},"1":{"loc":{"start":{"line":22,"column":4},"end":{"line":24,"column":5}},"type":"if","locations":[{"start":{"line":22,"column":4},"end":{"line":24,"column":5}},{"start":{},"end":{}}]},"2":{"loc":{"start":{"line":25,"column":4},"end":{"line":27,"column":5}},"type":"if","locations":[{"start":{"line":25,"column":4},"end":{"line":27,"column":5}},{"start":{},"end":{}}]},"3":{"loc":{"start":{"line":33,"column":4},"end":{"line":35,"column":5}},"type":"if","locations":[{"start":{"line":33,"column":4},"end":{"line":35,"column":5}},{"start":{},"end":{}}]},"4":{"loc":{"start":{"line":56,"column":4},"end":{"line":58,"column":5}},"type":"if","locations":[{"start":{"line":56,"column":4},"end":{"line":58,"column":5}},{"start":{},"end":{}}]},"5":{"loc":{"start":{"line":56,"column":8},"end":{"line":56,"column":64}},"type":"binary-expr","locations":[{"start":{"line":56,"column":8},"end":{"line":56,"column":34}},{"start":{"line":56,"column":38},"end":{"line":56,"column":64}}]},"6":{"loc":{"start":{"line":60,"column":4},"end":{"line":62,"column":5}},"type":"if","locations":[{"start":{"line":60,"column":4},"end":{"line":62,"column":5}},{"start":{},"end":{}}]},"7":{"loc":{"start":{"line":60,"column":8},"end":{"line":60,"column":61}},"type":"binary-expr","locations":[{"start":{"line":60,"column":8},"end":{"line":60,"column":33}},{"start":{"line":60,"column":37},"end":{"line":60,"column":61}}]}},"s":{"0":1,"1":9,"2":9,"3":9,"4":4,"5":1,"6":3,"7":1,"8":2,"9":5,"10":1,"11":4,"12":8,"13":2,"14":2,"15":1,"16":1,"17":1,"18":3,"19":10,"20":1,"21":9,"22":1,"23":8,"24":1},"f":{"0":9,"1":4,"2":5,"3":8,"4":2,"5":1,"6":3,"7":10},"b":{"0":[1],"1":[1,3],"2":[1,2],"3":[1,4],"4":[1,9],"5":[10,2],"6":[1,8],"7":[9,3]}}
}
