TN:
SF:src\cliente.ts
FN:4,(anonymous_0)
FN:9,(anonymous_1)
FN:19,(anonymous_2)
FNF:3
FNH:3
FNDA:13,(anonymous_0)
FNDA:13,(anonymous_1)
FNDA:1,(anonymous_2)
DA:1,2
DA:5,13
DA:6,10
DA:10,13
DA:11,2
DA:14,11
DA:15,1
DA:20,1
LF:8
LH:8
BRDA:10,0,0,2
BRDA:10,0,1,11
BRDA:10,1,0,13
BRDA:10,1,1,12
BRDA:14,2,0,1
BRDA:14,2,1,10
BRF:6
BRH:6
end_of_record
TN:
SF:src\desconto.ts
FN:2,(anonymous_0)
FNF:1
FNH:1
FNDA:6,(anonymous_0)
DA:1,2
DA:3,6
DA:4,1
DA:7,5
DA:8,3
DA:11,2
LF:6
LH:6
BRDA:3,0,0,1
BRDA:3,0,1,5
BRDA:7,1,0,3
BRDA:7,1,1,2
BRF:4
BRH:4
end_of_record
TN:
SF:src\pedido.ts
FN:17,(anonymous_0)
FN:21,(anonymous_1)
FN:32,(anonymous_2)
FN:37,(anonymous_3)
FN:40,(anonymous_4)
FN:45,(anonymous_5)
FN:51,(anonymous_6)
FN:55,(anonymous_7)
FNF:8
FNH:8
FNDA:9,(anonymous_0)
FNDA:4,(anonymous_1)
FNDA:5,(anonymous_2)
FNDA:8,(anonymous_3)
FNDA:2,(anonymous_4)
FNDA:1,(anonymous_5)
FNDA:3,(anonymous_6)
FNDA:10,(anonymous_7)
DA:2,1
DA:12,1
DA:14,9
DA:15,9
DA:18,9
DA:22,4
DA:23,1
DA:25,3
DA:26,1
DA:29,2
DA:33,5
DA:34,1
DA:37,8
DA:41,2
DA:42,2
DA:46,1
DA:47,1
DA:48,1
DA:52,3
DA:56,10
DA:57,1
DA:60,9
DA:61,1
DA:64,8
LF:24
LH:24
BRDA:21,0,0,1
BRDA:22,1,0,1
BRDA:22,1,1,3
BRDA:25,2,0,1
BRDA:25,2,1,2
BRDA:33,3,0,1
BRDA:33,3,1,4
BRDA:56,4,0,1
BRDA:56,4,1,9
BRDA:56,5,0,10
BRDA:56,5,1,2
BRDA:60,6,0,1
BRDA:60,6,1,8
BRDA:60,7,0,9
BRDA:60,7,1,3
BRF:15
BRH:15
end_of_record
